2022-05-02 17:38:52,173 WARN [HikariPool-1 housekeeper] c.z.h.p.HikariPool [HikariPool.java:788] HikariPool-1 - Thread starvation or clock leap detected (housekeeper delta=50s26ms738µs300ns).
2022-05-02 17:45:22,362 WARN [HikariPool-1 housekeeper] c.z.h.p.HikariPool [HikariPool.java:788] HikariPool-1 - Thread starvation or clock leap detected (housekeeper delta=56s340ms249µs).
2022-05-02 17:49:12,685 WARN [HikariPool-1 housekeeper] c.z.h.p.HikariPool [HikariPool.java:788] HikariPool-1 - Thread starvation or clock leap detected (housekeeper delta=56s744ms158µs500ns).
2022-05-02 17:52:05,168 WARN [HikariPool-1 housekeeper] c.z.h.p.HikariPool [HikariPool.java:788] HikariPool-1 - Thread starvation or clock leap detected (housekeeper delta=51s290ms989µs500ns).
2022-05-02 17:52:54,685 WARN [HikariPool-1 housekeeper] c.z.h.p.HikariPool [HikariPool.java:788] HikariPool-1 - Thread starvation or clock leap detected (housekeeper delta=49s516ms721µs400ns).
2022-05-02 18:02:40,698 WARN [HikariPool-1 housekeeper] c.z.h.p.HikariPool [HikariPool.java:788] HikariPool-1 - Thread starvation or clock leap detected (housekeeper delta=45s838ms967µs900ns).
2022-05-02 18:07:59,893 WARN [HikariPool-1 housekeeper] c.z.h.p.HikariPool [HikariPool.java:788] HikariPool-1 - Thread starvation or clock leap detected (housekeeper delta=1m46s921ms29µs).
2022-05-02 23:00:49,585 WARN [http-nio-8080-exec-6] o.s.w.s.m.s.DefaultHandlerExceptionResolver [AbstractHandlerExceptionResolver.java:208] Resolved [org.springframework.web.bind.MissingPathVariableException: Required URI template variable 'filename' for method parameter type String is not present]
2022-05-02 23:00:55,168 WARN [http-nio-8080-exec-3] o.s.w.s.m.s.DefaultHandlerExceptionResolver [AbstractHandlerExceptionResolver.java:208] Resolved [org.springframework.web.bind.MissingPathVariableException: Required URI template variable 'filename' for method parameter type String is not present]
2022-05-02 23:01:38,554 WARN [http-nio-8080-exec-8] o.s.w.s.m.s.DefaultHandlerExceptionResolver [AbstractHandlerExceptionResolver.java:208] Resolved [org.springframework.web.bind.MissingPathVariableException: Required URI template variable 'filename' for method parameter type String is not present]
2022-05-02 23:03:27,787 WARN [http-nio-8080-exec-10] o.s.w.s.m.s.DefaultHandlerExceptionResolver [AbstractHandlerExceptionResolver.java:208] Resolved [org.springframework.web.bind.MissingPathVariableException: Required URI template variable 'filename' for method parameter type String is not present]
2022-05-02 23:03:53,109 WARN [http-nio-8080-exec-7] o.s.w.s.m.s.DefaultHandlerExceptionResolver [AbstractHandlerExceptionResolver.java:208] Resolved [org.springframework.web.bind.MissingPathVariableException: Required URI template variable 'filename' for method parameter type String is not present]
2022-05-02 23:04:00,155 WARN [http-nio-8080-exec-10] o.s.w.s.m.s.DefaultHandlerExceptionResolver [AbstractHandlerExceptionResolver.java:208] Resolved [org.springframework.web.bind.MissingPathVariableException: Required URI template variable 'filename' for method parameter type String is not present]
2022-05-02 23:04:11,085 WARN [http-nio-8080-exec-3] o.s.w.s.m.s.DefaultHandlerExceptionResolver [AbstractHandlerExceptionResolver.java:208] Resolved [org.springframework.web.bind.MissingPathVariableException: Required URI template variable 'filename' for method parameter type String is not present]
2022-05-02 23:04:41,271 WARN [http-nio-8080-exec-3] o.s.w.s.m.s.DefaultHandlerExceptionResolver [AbstractHandlerExceptionResolver.java:208] Resolved [org.springframework.web.bind.MissingPathVariableException: Required URI template variable 'filename' for method parameter type String is not present]
2022-05-02 23:04:42,214 WARN [http-nio-8080-exec-8] o.s.w.s.m.s.DefaultHandlerExceptionResolver [AbstractHandlerExceptionResolver.java:208] Resolved [org.springframework.web.bind.MissingPathVariableException: Required URI template variable 'filename' for method parameter type String is not present]
2022-05-02 23:07:55,195 WARN [http-nio-8080-exec-6] o.s.w.s.m.s.DefaultHandlerExceptionResolver [AbstractHandlerExceptionResolver.java:208] Resolved [org.springframework.web.bind.MissingPathVariableException: Required URI template variable 'filename' for method parameter type String is not present]
2022-05-02 23:08:02,774 WARN [http-nio-8080-exec-1] o.s.w.s.m.s.DefaultHandlerExceptionResolver [AbstractHandlerExceptionResolver.java:208] Resolved [org.springframework.web.bind.MissingPathVariableException: Required URI template variable 'filename' for method parameter type String is not present]
2022-05-02 23:09:13,045 WARN [http-nio-8080-exec-10] o.s.w.s.m.s.DefaultHandlerExceptionResolver [AbstractHandlerExceptionResolver.java:208] Resolved [org.springframework.web.bind.MissingPathVariableException: Required URI template variable 'filename' for method parameter type String is not present]
2022-05-02 23:09:37,760 WARN [http-nio-8080-exec-4] o.s.w.s.m.s.DefaultHandlerExceptionResolver [AbstractHandlerExceptionResolver.java:208] Resolved [org.springframework.web.bind.MissingPathVariableException: Required URI template variable 'filename' for method parameter type String is not present]
2022-05-02 23:10:57,173 WARN [http-nio-8080-exec-8] o.s.w.s.m.s.DefaultHandlerExceptionResolver [AbstractHandlerExceptionResolver.java:208] Resolved [org.springframework.web.bind.MissingPathVariableException: Required URI template variable 'filename' for method parameter type String is not present]
2022-05-02 23:14:43,431 WARN [http-nio-8080-exec-2] o.s.w.s.m.s.DefaultHandlerExceptionResolver [AbstractHandlerExceptionResolver.java:208] Resolved [org.springframework.web.bind.MissingPathVariableException: Required URI template variable 'filename' for method parameter type String is not present]
2022-05-02 23:14:51,545 WARN [http-nio-8080-exec-5] o.s.w.s.m.s.DefaultHandlerExceptionResolver [AbstractHandlerExceptionResolver.java:208] Resolved [org.springframework.web.bind.MissingPathVariableException: Required URI template variable 'filename' for method parameter type String is not present]
2022-05-02 23:17:42,502 WARN [http-nio-8080-exec-3] o.s.w.s.m.s.DefaultHandlerExceptionResolver [AbstractHandlerExceptionResolver.java:208] Resolved [org.springframework.web.bind.MissingPathVariableException: Required URI template variable 'filename' for method parameter type String is not present]
2022-05-02 23:25:31,416 WARN [http-nio-8080-exec-6] o.s.w.s.m.s.DefaultHandlerExceptionResolver [AbstractHandlerExceptionResolver.java:208] Resolved [org.springframework.web.bind.MissingPathVariableException: Required URI template variable 'filename' for method parameter type String is not present]
2022-05-02 23:29:31,127 WARN [restartedMain] o.s.b.w.s.c.AnnotationConfigServletWebServerApplicationContext [AbstractApplicationContext.java:591] Exception encountered during context initialization - cancelling refresh attempt: org.springframework.beans.factory.BeanCreationException: Error creating bean with name 'userController': Injection of autowired dependencies failed; nested exception is java.lang.IllegalArgumentException: Could not resolve placeholder 'community.path.upload' in value "${community.path.upload}"
2022-05-02 23:29:32,833 WARN [restartedMain] o.s.b.w.s.c.AnnotationConfigServletWebServerApplicationContext [AbstractApplicationContext.java:591] Exception encountered during context initialization - cancelling refresh attempt: org.springframework.beans.factory.BeanCreationException: Error creating bean with name 'userController': Injection of autowired dependencies failed; nested exception is java.lang.IllegalArgumentException: Could not resolve placeholder 'community.path.upload' in value "${community.path.upload}"
2022-05-02 23:30:48,088 WARN [http-nio-8080-exec-3] o.s.w.s.m.s.DefaultHandlerExceptionResolver [AbstractHandlerExceptionResolver.java:208] Resolved [org.springframework.web.bind.MissingPathVariableException: Required URI template variable 'filename' for method parameter type String is not present]
2022-05-02 23:32:22,229 WARN [http-nio-8080-exec-7] o.s.w.s.m.s.DefaultHandlerExceptionResolver [AbstractHandlerExceptionResolver.java:208] Resolved [org.springframework.web.bind.MissingPathVariableException: Required URI template variable 'filename' for method parameter type String is not present]
2022-05-02 23:44:37,582 WARN [http-nio-8080-exec-4] o.s.w.s.m.s.DefaultHandlerExceptionResolver [AbstractHandlerExceptionResolver.java:208] Resolved [org.springframework.web.bind.MissingPathVariableException: Required URI template variable 'filename' for method parameter type String is not present]
